{
  "RSpec": {
    "coverage": {
      "/Users/tmobaird/development/words_and_moves/app/mailers/live_update_mailer.rb": [
        1,
        null,
        1,
        1,
        1,
        null,
        null
      ],
      "/Users/tmobaird/development/words_and_moves/app/mailers/application_mailer.rb": [
        1,
        1,
        1,
        null
      ],
      "/Users/tmobaird/development/words_and_moves/app/models/subscriber.rb": [
        1,
        1,
        1,
        1,
        null
      ],
      "/Users/tmobaird/development/words_and_moves/app/controllers/application_controller.rb": [
        1,
        1,
        1,
        null,
        1,
        9,
        2,
        null,
        null,
        null
      ],
      "/Users/tmobaird/development/words_and_moves/app/controllers/pages_controller.rb": [
        1,
        1,
        8,
        8,
        null,
        null
      ],
      "/Users/tmobaird/development/words_and_moves/app/controllers/subscribers_controller.rb": [
        1,
        null,
        1,
        3,
        3,
        1,
        1,
        1,
        2,
        1,
        1,
        null,
        1,
        1,
        null,
        null,
        null,
        null,
        1,
        1,
        5,
        null,
        null
      ],
      "/Users/tmobaird/development/words_and_moves/app/channels/application_cable/channel.rb": [
        0,
        0,
        0,
        0
      ],
      "/Users/tmobaird/development/words_and_moves/app/channels/application_cable/connection.rb": [
        0,
        0,
        0,
        0
      ],
      "/Users/tmobaird/development/words_and_moves/app/controllers/users/facebook_callbacks_controller.rb": [
        0,
        0,
        0,
        0,
        0,
        0,
        0,
        0,
        0,
        0,
        0,
        0,
        0,
        0,
        0,
        0,
        0,
        0
      ],
      "/Users/tmobaird/development/words_and_moves/app/helpers/application_helper.rb": [
        0,
        0
      ],
      "/Users/tmobaird/development/words_and_moves/app/helpers/devise_helper.rb": [
        0,
        0,
        0,
        0,
        0,
        0,
        0,
        0,
        0,
        0,
        0,
        0,
        0,
        0,
        0,
        0,
        0,
        0,
        0,
        0,
        0,
        0,
        0,
        0,
        0,
        0,
        0,
        0,
        0,
        0
      ],
      "/Users/tmobaird/development/words_and_moves/app/helpers/pages_helper.rb": [
        0,
        0
      ],
      "/Users/tmobaird/development/words_and_moves/app/jobs/application_job.rb": [
        0,
        0
      ],
      "/Users/tmobaird/development/words_and_moves/app/models/application_record.rb": [
        0,
        0,
        0
      ],
      "/Users/tmobaird/development/words_and_moves/app/models/category.rb": [
        0,
        0,
        0,
        0,
        0,
        0,
        0,
        0,
        0,
        0,
        0,
        0
      ],
      "/Users/tmobaird/development/words_and_moves/app/models/comment.rb": [
        0,
        0,
        0,
        0,
        0,
        0,
        0,
        0,
        0,
        0,
        0,
        0,
        0
      ],
      "/Users/tmobaird/development/words_and_moves/app/models/event.rb": [
        0,
        0,
        0,
        0,
        0,
        0,
        0,
        0,
        0,
        0,
        0,
        0,
        0,
        0,
        0,
        0
      ],
      "/Users/tmobaird/development/words_and_moves/app/models/post.rb": [
        0,
        0,
        0,
        0,
        0,
        0,
        0,
        0,
        0,
        0,
        0,
        0,
        0,
        0
      ],
      "/Users/tmobaird/development/words_and_moves/app/models/region.rb": [
        0,
        0,
        0,
        0,
        0,
        0,
        0,
        0,
        0,
        0,
        0,
        0
      ],
      "/Users/tmobaird/development/words_and_moves/app/models/user.rb": [
        0,
        0,
        0,
        0,
        0,
        0,
        0,
        0,
        0,
        0,
        0,
        0,
        0,
        0,
        0,
        0,
        0,
        0,
        0,
        0,
        0,
        0,
        0,
        0,
        0,
        0,
        0,
        0,
        0,
        0,
        0,
        0,
        0
      ]
    },
    "timestamp": 1469654474
  }
}
