{
  "RSpec": {
    "coverage": {
      "/Users/devinosorio/Projects/ruby/rails/words_and_moves/spec/features/sign_in_spec.rb": [
        1,
        3,
        1,
        1,
        1,
        1,
        1,
        1,
        null,
        1,
        null,
        null,
        1,
        1,
        1,
        1,
        1,
        1,
        1,
        null,
        null,
        null
      ],
      "/Users/devinosorio/Projects/ruby/rails/words_and_moves/spec/features/sign_up_spec.rb": [
        1,
        1,
        1,
        1,
        1,
        1,
        1,
        1,
        1,
        1,
        1,
        null,
        1,
        1,
        null,
        1,
        1,
        1,
        1,
        1,
        1,
        1,
        1,
        1,
        1,
        1,
        1,
        1,
        null,
        null,
        null
      ],
      "/Users/devinosorio/Projects/ruby/rails/words_and_moves/spec/features/subscribe_spec.rb": [
        1,
        1,
        1,
        1,
        1,
        1,
        1,
        1,
        null,
        null,
        1,
        1,
        1,
        1,
        1,
        null,
        null,
        1,
        1,
        1,
        1,
        1,
        1,
        1,
        null,
        null,
        null
      ],
      "/Users/devinosorio/Projects/ruby/rails/words_and_moves/spec/mailers/live_update_spec.rb": [
        1,
        null,
        1,
        1,
        null
      ],
      "/Users/devinosorio/Projects/ruby/rails/words_and_moves/app/mailers/live_update_mailer.rb": [
        1,
        null,
        1,
        1,
        1,
        null,
        null
      ],
      "/Users/devinosorio/Projects/ruby/rails/words_and_moves/app/mailers/application_mailer.rb": [
        1,
        1,
        1,
        null
      ],
      "/Users/devinosorio/Projects/ruby/rails/words_and_moves/spec/models/subscriber_spec.rb": [
        1,
        null,
        1,
        2,
        2,
        null
      ],
      "/Users/devinosorio/Projects/ruby/rails/words_and_moves/app/models/subscriber.rb": [
        1,
        1,
        1,
        1,
        null
      ],
      "/Users/devinosorio/Projects/ruby/rails/words_and_moves/app/controllers/application_controller.rb": [
        1,
        1,
        1,
        null,
        1,
        9,
        2,
        null,
        null,
        null
      ],
      "/Users/devinosorio/Projects/ruby/rails/words_and_moves/app/controllers/pages_controller.rb": [
        1,
        1,
        8,
        8,
        null,
        null
      ],
      "/Users/devinosorio/Projects/ruby/rails/words_and_moves/app/controllers/subscribers_controller.rb": [
        1,
        null,
        1,
        3,
        3,
        1,
        1,
        1,
        2,
        1,
        1,
        null,
        1,
        1,
        null,
        null,
        null,
        null,
        1,
        1,
        5,
        null,
        null
      ]
    },
    "timestamp": 1469644369
  }
}
